[debug] ----------------------------------------------------------------------
[debug] Command:      /Users/fumitoshi.nakamura/.nodebrew/node/v7.9.0/bin/node /Users/fumitoshi.nakamura/.nodebrew/current/bin/firebase serve
[debug] CLI Version:  3.6.1
[debug] Platform:     darwin
[debug] Node Version: v7.9.0
[debug] Time:         Wed Apr 19 2017 11:24:31 GMT+0900 (JST)
[debug] ----------------------------------------------------------------------
[debug] 
[debug] > command requires scopes: ["email","openid","https://www.googleapis.com/auth/cloudplatformprojects.readonly","https://www.googleapis.com/auth/firebase","https://www.googleapis.com/auth/cloud-platform"]
[debug] > refreshing access token with scopes: ["email","https://www.googleapis.com/auth/cloud-platform","https://www.googleapis.com/auth/cloudplatformprojects.readonly","https://www.googleapis.com/auth/firebase","openid"]
[debug] >>> HTTP REQUEST POST https://www.googleapis.com/oauth2/v3/token { refresh_token: '1/UlUl-RqBSWyHEwMANsYt9PZh09USbQnbioJyfNn84QgM_SV2P0arWHacRG93XdHf',
  client_id: '563584335869-fgrhgmd47bqnekij5i8b5pr03ho849e6.apps.googleusercontent.com',
  client_secret: 'j9iVZfS8kkCEFUPaAeJV0sAi',
  grant_type: 'refresh_token',
  scope: 'email https://www.googleapis.com/auth/cloud-platform https://www.googleapis.com/auth/cloudplatformprojects.readonly https://www.googleapis.com/auth/firebase openid' } 
 Wed Apr 19 2017 11:24:31 GMT+0900 (JST)
[debug] <<< HTTP RESPONSE 200
[debug] >>> HTTP REQUEST GET https://admin.firebase.com/v1/projects/dena-shinsotsu-saiyo-2017  
 Wed Apr 19 2017 11:24:31 GMT+0900 (JST)
[debug] <<< HTTP RESPONSE 200
[debug] >>> HTTP REQUEST GET https://admin.firebase.com/v1/database/dena-shinsotsu-saiyo-2017/tokens  
 Wed Apr 19 2017 11:24:32 GMT+0900 (JST)
[debug] <<< HTTP RESPONSE 200
[info] Starting Firebase development server...
[info] 
[info] Project Directory: /Users/fumitoshi.nakamura/workspace/friendlychat/cloud-functions
[debug] >>> HTTP REQUEST GET https://cloudresourcemanager.googleapis.com/v1/projects/dena-shinsotsu-saiyo-2017  
 Wed Apr 19 2017 11:24:33 GMT+0900 (JST)
[debug] <<< HTTP RESPONSE 200
[debug] >>> HTTP REQUEST GET https://mobilesdk-pa.googleapis.com/v1/projects/609123503629/clients/_:getWebAppConfig  
 Wed Apr 19 2017 11:24:34 GMT+0900 (JST)
[debug] <<< HTTP RESPONSE 200
[info] Public Directory: ./
[info] 
[info] Server listening at: http://localhost:5000
[debug] ----------------------------------------------------------------------
[debug] Command:      /Users/fumitoshi.nakamura/.nodebrew/node/v7.9.0/bin/node /Users/fumitoshi.nakamura/.nodebrew/current/bin/firebase serve
[debug] CLI Version:  3.6.1
[debug] Platform:     darwin
[debug] Node Version: v7.9.0
[debug] Time:         Wed Apr 19 2017 11:52:32 GMT+0900 (JST)
[debug] ----------------------------------------------------------------------
[debug] 
[debug] > command requires scopes: ["email","openid","https://www.googleapis.com/auth/cloudplatformprojects.readonly","https://www.googleapis.com/auth/firebase","https://www.googleapis.com/auth/cloud-platform"]
[debug] >>> HTTP REQUEST GET https://admin.firebase.com/v1/projects/dena-shinsotsu-saiyo-2017  
 Wed Apr 19 2017 11:52:32 GMT+0900 (JST)
[debug] <<< HTTP RESPONSE 200
[debug] >>> HTTP REQUEST GET https://admin.firebase.com/v1/database/dena-shinsotsu-saiyo-2017/tokens  
 Wed Apr 19 2017 11:52:33 GMT+0900 (JST)
[debug] <<< HTTP RESPONSE 200
[info] Starting Firebase development server...
[info] 
[info] Project Directory: /Users/fumitoshi.nakamura/workspace/friendlychat/cloud-functions
[debug] >>> HTTP REQUEST GET https://cloudresourcemanager.googleapis.com/v1/projects/dena-shinsotsu-saiyo-2017  
 Wed Apr 19 2017 11:52:34 GMT+0900 (JST)
[debug] <<< HTTP RESPONSE 200
[debug] >>> HTTP REQUEST GET https://mobilesdk-pa.googleapis.com/v1/projects/609123503629/clients/_:getWebAppConfig  
 Wed Apr 19 2017 11:52:35 GMT+0900 (JST)
[debug] <<< HTTP RESPONSE 200
[info] Public Directory: ./
[info] 
[info] Server listening at: http://localhost:5000
